2026-04-21 15:38:12,959 [INFO] src.data: Downloading https://www.cs.toronto.edu/~kriz/cifar-10-python.tar.gz...
2026-04-21 15:39:11,069 [INFO] src.data: Converting CIFAR binary to JPG...
2026-04-21 15:44:29,759 [INFO] src.engine: Epoch 1 | Val Acc: 0.5727
2026-04-21 15:44:59,574 [INFO] src.engine: Epoch 2 | Val Acc: 0.6189
2026-04-21 15:45:23,410 [INFO] src.engine: Epoch 3 | Val Acc: 0.6430
2026-04-21 15:45:46,930 [INFO] src.engine: Epoch 4 | Val Acc: 0.6661
2026-04-21 15:46:10,215 [INFO] src.engine: Epoch 5 | Val Acc: 0.6705
2026-04-21 15:46:33,164 [INFO] src.engine: Epoch 6 | Val Acc: 0.6619
2026-04-21 15:46:56,019 [INFO] src.engine: Epoch 7 | Val Acc: 0.6716
2026-04-21 15:47:19,020 [INFO] src.engine: Epoch 8 | Val Acc: 0.6720
2026-04-21 15:47:41,908 [INFO] src.engine: Epoch 9 | Val Acc: 0.6766
2026-04-21 15:48:04,807 [INFO] src.engine: Epoch 10 | Val Acc: 0.6720
2026-04-21 15:48:55,761 [INFO] src.engine: Final Baseline Test Accuracy: 0.6702
2026-04-22 09:31:04,264 [INFO] src.data: Downloading https://www.cs.toronto.edu/~kriz/cifar-10-python.tar.gz...
2026-04-22 09:31:53,288 [INFO] src.data: Converting CIFAR binary to JPG...
2026-04-22 09:31:56,467 [INFO] src.engine: >>> Training process started.
2026-04-22 09:32:31,836 [INFO] src.engine: Epoch 1 | Val Acc: 0.5672
2026-04-22 09:32:31,840 [INFO] src.engine: Best model artifact saved with accuracy: 0.5672
2026-04-22 09:32:55,312 [INFO] src.engine: Epoch 2 | Val Acc: 0.6127
2026-04-22 09:32:55,315 [INFO] src.engine: Best model artifact saved with accuracy: 0.6127
2026-04-22 09:33:18,769 [INFO] src.engine: Epoch 3 | Val Acc: 0.6375
2026-04-22 09:33:18,771 [INFO] src.engine: Best model artifact saved with accuracy: 0.6375
2026-04-22 09:33:42,141 [INFO] src.engine: Epoch 4 | Val Acc: 0.6729
2026-04-22 09:33:42,143 [INFO] src.engine: Best model artifact saved with accuracy: 0.6729
2026-04-22 09:34:05,495 [INFO] src.engine: Epoch 5 | Val Acc: 0.6797
2026-04-22 09:34:05,497 [INFO] src.engine: Best model artifact saved with accuracy: 0.6797
2026-04-22 09:34:28,901 [INFO] src.engine: Epoch 6 | Val Acc: 0.6774
2026-04-22 09:34:52,269 [INFO] src.engine: Epoch 7 | Val Acc: 0.6836
2026-04-22 09:34:52,271 [INFO] src.engine: Best model artifact saved with accuracy: 0.6836
2026-04-22 09:35:15,507 [INFO] src.engine: Epoch 8 | Val Acc: 0.6713
2026-04-22 09:35:38,900 [INFO] src.engine: Epoch 9 | Val Acc: 0.6795
2026-04-22 09:36:02,297 [INFO] src.engine: Epoch 10 | Val Acc: 0.6704
2026-04-22 09:36:02,297 [INFO] src.engine: >>> Training process finished successfully.
2026-04-22 09:36:02,329 [INFO] src.engine: >>> Model evaluation on test set started.
2026-04-22 09:36:12,746 [INFO] src.engine: Final Baseline Test Accuracy: 0.6793
2026-04-22 09:51:42,703 [INFO] src.data: Downloading https://www.cs.toronto.edu/~kriz/cifar-10-python.tar.gz...
2026-04-22 09:52:17,460 [INFO] src.data: Converting CIFAR binary to JPG...
2026-04-22 09:52:19,139 [INFO] src.engine: >>> Training process started.
2026-04-22 09:52:41,423 [INFO] src.engine: Epoch 1/10 | Loss: 1.4383 | Val Acc: 0.5749
2026-04-22 09:52:41,426 [INFO] src.engine: Best model artifact saved with accuracy: 0.5749
2026-04-22 09:53:04,949 [INFO] src.engine: Epoch 2/10 | Loss: 1.1043 | Val Acc: 0.6199
2026-04-22 09:53:04,951 [INFO] src.engine: Best model artifact saved with accuracy: 0.6199
2026-04-22 09:53:28,279 [INFO] src.engine: Epoch 3/10 | Loss: 0.9754 | Val Acc: 0.6361
2026-04-22 09:53:28,280 [INFO] src.engine: Best model artifact saved with accuracy: 0.6361
2026-04-22 09:53:51,660 [INFO] src.engine: Epoch 4/10 | Loss: 0.8736 | Val Acc: 0.6585
2026-04-22 09:53:51,662 [INFO] src.engine: Best model artifact saved with accuracy: 0.6585
2026-04-22 09:54:14,995 [INFO] src.engine: Epoch 5/10 | Loss: 0.7887 | Val Acc: 0.6672
2026-04-22 09:54:14,997 [INFO] src.engine: Best model artifact saved with accuracy: 0.6672
2026-04-22 09:54:38,389 [INFO] src.engine: Epoch 6/10 | Loss: 0.7043 | Val Acc: 0.6591
2026-04-22 09:55:01,625 [INFO] src.engine: Epoch 7/10 | Loss: 0.6300 | Val Acc: 0.6697
2026-04-22 09:55:01,627 [INFO] src.engine: Best model artifact saved with accuracy: 0.6697
2026-04-22 09:55:24,872 [INFO] src.engine: Epoch 8/10 | Loss: 0.5608 | Val Acc: 0.6741
2026-04-22 09:55:24,874 [INFO] src.engine: Best model artifact saved with accuracy: 0.6741
2026-04-22 09:55:48,240 [INFO] src.engine: Epoch 9/10 | Loss: 0.4952 | Val Acc: 0.6715
2026-04-22 09:56:11,504 [INFO] src.engine: Epoch 10/10 | Loss: 0.4317 | Val Acc: 0.6609
2026-04-22 09:56:11,504 [INFO] src.engine: >>> Training process finished successfully.
2026-04-22 09:56:12,525 [INFO] src.engine: Metrics plot saved to artifacts/baseline_metrics.png
2026-04-22 09:56:12,535 [INFO] src.engine: >>> Model evaluation on test set started.
2026-04-22 09:56:17,287 [INFO] src.engine: Detailed Classification Report:
              precision    recall  f1-score   support

    airplane       0.75      0.70      0.72      1181
  automobile       0.75      0.82      0.78      1188
        bird       0.59      0.59      0.59      1232
         cat       0.48      0.52      0.50      1274
        deer       0.64      0.58      0.61      1179
         dog       0.53      0.61      0.57      1230
        frog       0.77      0.73      0.74      1123
       horse       0.73      0.75      0.74      1217
        ship       0.78      0.83      0.81      1189
       truck       0.81      0.65      0.72      1187

    accuracy                           0.68     12000
   macro avg       0.68      0.68      0.68     12000
weighted avg       0.68      0.68      0.68     12000

